2021-12-15 14:27:08.906  INFO 6380 --- [main] c.s.itacademy.ToDoListApplication        : Starting ToDoListApplication on DESKTOP-I1GGQB6 with PID 6380 (C:\Users\artiv\Downloads\To-Do-List-Project-master\To-Do-List-Project-master\target\classes started by artiv in C:\Users\artiv\Downloads\To-Do-List-Project-master)
2021-12-15 14:27:08.921  INFO 6380 --- [main] c.s.itacademy.ToDoListApplication        : No active profile set, falling back to default profiles: default
2021-12-15 14:27:10.438  INFO 6380 --- [main] .s.d.r.c.RepositoryConfigurationDelegate : Bootstrapping Spring Data JPA repositories in DEFERRED mode.
2021-12-15 14:27:10.579  INFO 6380 --- [main] .s.d.r.c.RepositoryConfigurationDelegate : Finished Spring Data repository scanning in 119ms. Found 5 JPA repository interfaces.
2021-12-15 14:27:10.969  INFO 6380 --- [main] trationDelegate$BeanPostProcessorChecker : Bean 'org.springframework.security.access.expression.method.DefaultMethodSecurityExpressionHandler@48904d5a' of type [org.springframework.security.access.expression.method.DefaultMethodSecurityExpressionHandler] is not eligible for getting processed by all BeanPostProcessors (for example: not eligible for auto-proxying)
2021-12-15 14:27:10.969  INFO 6380 --- [main] trationDelegate$BeanPostProcessorChecker : Bean 'methodSecurityMetadataSource' of type [org.springframework.security.access.method.DelegatingMethodSecurityMetadataSource] is not eligible for getting processed by all BeanPostProcessors (for example: not eligible for auto-proxying)
2021-12-15 14:27:11.344  INFO 6380 --- [main] o.s.b.w.embedded.tomcat.TomcatWebServer  : Tomcat initialized with port(s): 9090 (http)
2021-12-15 14:27:11.344  INFO 6380 --- [main] o.apache.catalina.core.StandardService   : Starting service [Tomcat]
2021-12-15 14:27:11.360  INFO 6380 --- [main] org.apache.catalina.core.StandardEngine  : Starting Servlet engine: [Apache Tomcat/9.0.37]
2021-12-15 14:27:11.485  INFO 6380 --- [main] o.a.c.c.C.[Tomcat].[localhost].[/]       : Initializing Spring embedded WebApplicationContext
2021-12-15 14:27:11.485  INFO 6380 --- [main] w.s.c.ServletWebServerApplicationContext : Root WebApplicationContext: initialization completed in 2126 ms
2021-12-15 14:27:11.516  INFO 6380 --- [main] o.s.aop.framework.CglibAopProxy          : Unable to proxy interface-implementing method [public final void org.springframework.web.filter.GenericFilterBean.init(javax.servlet.FilterConfig) throws javax.servlet.ServletException] because it is marked as final: Consider using interface-based JDK proxies instead!
2021-12-15 14:27:11.657  WARN 6380 --- [main] JpaBaseConfiguration$JpaWebConfiguration : spring.jpa.open-in-view is enabled by default. Therefore, database queries may be performed during view rendering. Explicitly configure spring.jpa.open-in-view to disable this warning
2021-12-15 14:27:11.766  INFO 6380 --- [main] o.s.s.concurrent.ThreadPoolTaskExecutor  : Initializing ExecutorService 'applicationTaskExecutor'
2021-12-15 14:27:11.828  INFO 6380 --- [task-1] o.hibernate.jpa.internal.util.LogHelper  : HHH000204: Processing PersistenceUnitInfo [name: default]
2021-12-15 14:27:11.907  INFO 6380 --- [task-1] org.hibernate.Version                    : HHH000412: Hibernate ORM core version 5.4.20.Final
2021-12-15 14:27:12.157  INFO 6380 --- [task-1] o.hibernate.annotations.common.Version   : HCANN000001: Hibernate Commons Annotations {5.1.0.Final}
2021-12-15 14:27:12.282  INFO 6380 --- [main] o.s.s.web.DefaultSecurityFilterChain     : Creating filter chain: any request, [org.springframework.security.web.context.request.async.WebAsyncManagerIntegrationFilter@28fc1132, org.springframework.security.web.context.SecurityContextPersistenceFilter@5b1e88f, org.springframework.security.web.header.HeaderWriterFilter@756b2d90, org.springframework.security.web.csrf.CsrfFilter@1d2fb82, org.springframework.security.web.authentication.logout.LogoutFilter@391515c7, com.softserve.itacademy.security.WebAuthenticationFilter@481b2f10, org.springframework.security.web.savedrequest.RequestCacheAwareFilter@6a1568d6, org.springframework.security.web.servletapi.SecurityContextHolderAwareRequestFilter@3b11620a, org.springframework.security.web.authentication.AnonymousAuthenticationFilter@69ec93c2, org.springframework.security.web.session.SessionManagementFilter@6cc64028, org.springframework.security.web.access.ExceptionTranslationFilter@1c98b4eb, org.springframework.security.web.access.intercept.FilterSecurityInterceptor@4c38cd16]
2021-12-15 14:27:12.282  WARN 6380 --- [main] o.s.s.c.a.web.builders.WebSecurity       : 

********************************************************************
**********        Security debugging is enabled.       *************
**********    This may include sensitive information.  *************
**********      Do not use in a production system!     *************
********************************************************************


2021-12-15 14:27:12.297  INFO 6380 --- [task-1] com.zaxxer.hikari.HikariDataSource       : HikariPool-1 - Starting...
2021-12-15 14:27:12.563  INFO 6380 --- [task-1] com.zaxxer.hikari.HikariDataSource       : HikariPool-1 - Start completed.
2021-12-15 14:27:12.625  INFO 6380 --- [task-1] org.hibernate.dialect.Dialect            : HHH000400: Using dialect: org.hibernate.dialect.H2Dialect
2021-12-15 14:27:13.500  INFO 6380 --- [main] o.s.b.w.embedded.tomcat.TomcatWebServer  : Tomcat started on port(s): 9090 (http) with context path ''
2021-12-15 14:27:13.500  INFO 6380 --- [main] DeferredRepositoryInitializationListener : Triggering deferred initialization of Spring Data repositories…
2021-12-15 14:27:13.922  INFO 6380 --- [task-1] o.h.e.t.j.p.i.JtaPlatformInitiator       : HHH000490: Using JtaPlatform implementation: [org.hibernate.engine.transaction.jta.platform.internal.NoJtaPlatform]
2021-12-15 14:27:13.938  INFO 6380 --- [task-1] j.LocalContainerEntityManagerFactoryBean : Initialized JPA EntityManagerFactory for persistence unit 'default'
2021-12-15 14:27:14.485  INFO 6380 --- [main] DeferredRepositoryInitializationListener : Spring Data repositories initialized!
2021-12-15 14:27:14.500  INFO 6380 --- [main] c.s.itacademy.ToDoListApplication        : Started ToDoListApplication in 6.379 seconds (JVM running for 8.501)
2021-12-15 14:27:27.054  INFO 6380 --- [http-nio-9090-exec-2] o.a.c.c.C.[Tomcat].[localhost].[/]       : Initializing Spring DispatcherServlet 'dispatcherServlet'
2021-12-15 14:27:27.054  INFO 6380 --- [http-nio-9090-exec-2] o.s.web.servlet.DispatcherServlet        : Initializing Servlet 'dispatcherServlet'
2021-12-15 14:27:27.062  INFO 6380 --- [http-nio-9090-exec-2] o.s.web.servlet.DispatcherServlet        : Completed initialization in 8 ms
2021-12-15 14:27:27.070  INFO 6380 --- [http-nio-9090-exec-2] Spring Security Debugger                 : 

************************************************************

Request received for GET '/':

org.apache.catalina.connector.RequestFacade@5380ce52

servletPath:/
pathInfo:null
headers: 
host: localhost:9090
connection: keep-alive
sec-ch-ua: " Not A;Brand";v="99", "Chromium";v="96", "Google Chrome";v="96"
sec-ch-ua-mobile: ?0
sec-ch-ua-platform: "Windows"
upgrade-insecure-requests: 1
user-agent: Mozilla/5.0 (Windows NT 10.0; Win64; x64) AppleWebKit/537.36 (KHTML, like Gecko) Chrome/96.0.4664.93 Safari/537.36
accept: text/html,application/xhtml+xml,application/xml;q=0.9,image/avif,image/webp,image/apng,*/*;q=0.8,application/signed-exchange;v=b3;q=0.9
sec-fetch-site: none
sec-fetch-mode: navigate
sec-fetch-user: ?1
sec-fetch-dest: document
accept-encoding: gzip, deflate, br
accept-language: en-US,en;q=0.9,uk;q=0.8,ru;q=0.7
cookie: JSESSIONID=A09FD45CADD6C35418FE38A85A348A40


Security filter chain: [
  WebAsyncManagerIntegrationFilter
  SecurityContextPersistenceFilter
  HeaderWriterFilter
  CsrfFilter
  LogoutFilter
  UsernamePasswordAuthenticationFilter$$EnhancerBySpringCGLIB$$ab794473
  RequestCacheAwareFilter
  SecurityContextHolderAwareRequestFilter
  AnonymousAuthenticationFilter
  SessionManagementFilter
  ExceptionTranslationFilter
  FilterSecurityInterceptor
]


************************************************************


2021-12-15 14:27:27.262  WARN 6380 --- [http-nio-9090-exec-2] o.a.c.util.SessionIdGeneratorBase        : Creation of SecureRandom instance for session ID generation using [SHA1PRNG] took [144] milliseconds.
2021-12-15 14:27:27.262  INFO 6380 --- [http-nio-9090-exec-2] Spring Security Debugger                 : 

************************************************************

New HTTP session created: D77D2A3A73EDB58CBE34B938973859F5

Call stack: 

	at org.springframework.security.web.debug.Logger.info(Logger.java:44)
	at org.springframework.security.web.debug.DebugRequestWrapper.getSession(DebugFilter.java:166)
	at javax.servlet.http.HttpServletRequestWrapper.getSession(HttpServletRequestWrapper.java:253)
	at javax.servlet.http.HttpServletRequestWrapper.getSession(HttpServletRequestWrapper.java:253)
	at javax.servlet.http.HttpServletRequestWrapper.getSession(HttpServletRequestWrapper.java:253)
	at javax.servlet.http.HttpServletRequestWrapper.getSession(HttpServletRequestWrapper.java:253)
	at org.springframework.security.web.savedrequest.HttpSessionRequestCache.saveRequest(HttpSessionRequestCache.java:60)
	at org.springframework.security.web.access.ExceptionTranslationFilter.sendStartAuthentication(ExceptionTranslationFilter.java:210)
	at org.springframework.security.web.access.ExceptionTranslationFilter.handleSpringSecurityException(ExceptionTranslationFilter.java:184)
	at org.springframework.security.web.access.ExceptionTranslationFilter.doFilter(ExceptionTranslationFilter.java:140)
	at org.springframework.security.web.FilterChainProxy$VirtualFilterChain.doFilter(FilterChainProxy.java:334)
	at org.springframework.security.web.session.SessionManagementFilter.doFilter(SessionManagementFilter.java:137)
	at org.springframework.security.web.FilterChainProxy$VirtualFilterChain.doFilter(FilterChainProxy.java:334)
	at org.springframework.security.web.authentication.AnonymousAuthenticationFilter.doFilter(AnonymousAuthenticationFilter.java:111)
	at org.springframework.security.web.FilterChainProxy$VirtualFilterChain.doFilter(FilterChainProxy.java:334)
	at org.springframework.security.web.servletapi.SecurityContextHolderAwareRequestFilter.doFilter(SecurityContextHolderAwareRequestFilter.java:158)
	at org.springframework.security.web.FilterChainProxy$VirtualFilterChain.doFilter(FilterChainProxy.java:334)
	at org.springframework.security.web.savedrequest.RequestCacheAwareFilter.doFilter(RequestCacheAwareFilter.java:63)
	at org.springframework.security.web.FilterChainProxy$VirtualFilterChain.doFilter(FilterChainProxy.java:334)
	at org.springframework.security.web.authentication.AbstractAuthenticationProcessingFilter.doFilter(AbstractAuthenticationProcessingFilter.java:200)
	at org.springframework.security.web.authentication.AbstractAuthenticationProcessingFilter$$FastClassBySpringCGLIB$$510f8b9a.invoke(<generated>)
	at org.springframework.cglib.proxy.MethodProxy.invoke(MethodProxy.java:218)
	at org.springframework.aop.framework.CglibAopProxy$DynamicAdvisedInterceptor.intercept(CglibAopProxy.java:687)
	at org.springframework.security.web.authentication.UsernamePasswordAuthenticationFilter$$EnhancerBySpringCGLIB$$ab794473.doFilter(<generated>)
	at org.springframework.security.web.FilterChainProxy$VirtualFilterChain.doFilter(FilterChainProxy.java:334)
	at org.springframework.security.web.authentication.logout.LogoutFilter.doFilter(LogoutFilter.java:116)
	at org.springframework.security.web.FilterChainProxy$VirtualFilterChain.doFilter(FilterChainProxy.java:334)
	at org.springframework.security.web.csrf.CsrfFilter.doFilterInternal(CsrfFilter.java:117)
	at org.springframework.web.filter.OncePerRequestFilter.doFilter(OncePerRequestFilter.java:119)
	at org.springframework.security.web.FilterChainProxy$VirtualFilterChain.doFilter(FilterChainProxy.java:334)
	at org.springframework.security.web.header.HeaderWriterFilter.doHeadersAfter(HeaderWriterFilter.java:92)
	at org.springframework.security.web.header.HeaderWriterFilter.doFilterInternal(HeaderWriterFilter.java:77)
	at org.springframework.web.filter.OncePerRequestFilter.doFilter(OncePerRequestFilter.java:119)
	at org.springframework.security.web.FilterChainProxy$VirtualFilterChain.doFilter(FilterChainProxy.java:334)
	at org.springframework.security.web.context.SecurityContextPersistenceFilter.doFilter(SecurityContextPersistenceFilter.java:105)
	at org.springframework.security.web.FilterChainProxy$VirtualFilterChain.doFilter(FilterChainProxy.java:334)
	at org.springframework.security.web.context.request.async.WebAsyncManagerIntegrationFilter.doFilterInternal(WebAsyncManagerIntegrationFilter.java:56)
	at org.springframework.web.filter.OncePerRequestFilter.doFilter(OncePerRequestFilter.java:119)
	at org.springframework.security.web.FilterChainProxy$VirtualFilterChain.doFilter(FilterChainProxy.java:334)
	at org.springframework.security.web.FilterChainProxy.doFilterInternal(FilterChainProxy.java:215)
	at org.springframework.security.web.FilterChainProxy.doFilter(FilterChainProxy.java:178)
	at org.springframework.security.web.debug.DebugFilter.invokeWithWrappedRequest(DebugFilter.java:90)
	at org.springframework.security.web.debug.DebugFilter.doFilter(DebugFilter.java:77)
	at org.springframework.web.filter.DelegatingFilterProxy.invokeDelegate(DelegatingFilterProxy.java:358)
	at org.springframework.web.filter.DelegatingFilterProxy.doFilter(DelegatingFilterProxy.java:271)
	at org.apache.catalina.core.ApplicationFilterChain.internalDoFilter(ApplicationFilterChain.java:193)
	at org.apache.catalina.core.ApplicationFilterChain.doFilter(ApplicationFilterChain.java:166)
	at org.springframework.web.filter.RequestContextFilter.doFilterInternal(RequestContextFilter.java:100)
	at org.springframework.web.filter.OncePerRequestFilter.doFilter(OncePerRequestFilter.java:119)
	at org.apache.catalina.core.ApplicationFilterChain.internalDoFilter(ApplicationFilterChain.java:193)
	at org.apache.catalina.core.ApplicationFilterChain.doFilter(ApplicationFilterChain.java:166)
	at org.springframework.web.filter.FormContentFilter.doFilterInternal(FormContentFilter.java:93)
	at org.springframework.web.filter.OncePerRequestFilter.doFilter(OncePerRequestFilter.java:119)
	at org.apache.catalina.core.ApplicationFilterChain.internalDoFilter(ApplicationFilterChain.java:193)
	at org.apache.catalina.core.ApplicationFilterChain.doFilter(ApplicationFilterChain.java:166)
	at org.springframework.web.filter.CharacterEncodingFilter.doFilterInternal(CharacterEncodingFilter.java:201)
	at org.springframework.web.filter.OncePerRequestFilter.doFilter(OncePerRequestFilter.java:119)
	at org.apache.catalina.core.ApplicationFilterChain.internalDoFilter(ApplicationFilterChain.java:193)
	at org.apache.catalina.core.ApplicationFilterChain.doFilter(ApplicationFilterChain.java:166)
	at org.apache.catalina.core.StandardWrapperValve.invoke(StandardWrapperValve.java:202)
	at org.apache.catalina.core.StandardContextValve.invoke(StandardContextValve.java:96)
	at org.apache.catalina.authenticator.AuthenticatorBase.invoke(AuthenticatorBase.java:541)
	at org.apache.catalina.core.StandardHostValve.invoke(StandardHostValve.java:139)
	at org.apache.catalina.valves.ErrorReportValve.invoke(ErrorReportValve.java:92)
	at org.apache.catalina.core.StandardEngineValve.invoke(StandardEngineValve.java:74)
	at org.apache.catalina.connector.CoyoteAdapter.service(CoyoteAdapter.java:343)
	at org.apache.coyote.http11.Http11Processor.service(Http11Processor.java:373)
	at org.apache.coyote.AbstractProcessorLight.process(AbstractProcessorLight.java:65)
	at org.apache.coyote.AbstractProtocol$ConnectionHandler.process(AbstractProtocol.java:868)
	at org.apache.tomcat.util.net.NioEndpoint$SocketProcessor.doRun(NioEndpoint.java:1589)
	at org.apache.tomcat.util.net.SocketProcessorBase.run(SocketProcessorBase.java:49)
	at java.base/java.util.concurrent.ThreadPoolExecutor.runWorker(ThreadPoolExecutor.java:1128)
	at java.base/java.util.concurrent.ThreadPoolExecutor$Worker.run(ThreadPoolExecutor.java:628)
	at org.apache.tomcat.util.threads.TaskThread$WrappingRunnable.run(TaskThread.java:61)
	at java.base/java.lang.Thread.run(Thread.java:834)


************************************************************


2021-12-15 14:27:27.278  INFO 6380 --- [http-nio-9090-exec-1] Spring Security Debugger                 : 

************************************************************

Request received for GET '/login-form':

org.apache.catalina.connector.RequestFacade@5380ce52

servletPath:/login-form
pathInfo:null
headers: 
host: localhost:9090
connection: keep-alive
upgrade-insecure-requests: 1
user-agent: Mozilla/5.0 (Windows NT 10.0; Win64; x64) AppleWebKit/537.36 (KHTML, like Gecko) Chrome/96.0.4664.93 Safari/537.36
accept: text/html,application/xhtml+xml,application/xml;q=0.9,image/avif,image/webp,image/apng,*/*;q=0.8,application/signed-exchange;v=b3;q=0.9
sec-fetch-site: none
sec-fetch-mode: navigate
sec-fetch-user: ?1
sec-fetch-dest: document
sec-ch-ua: " Not A;Brand";v="99", "Chromium";v="96", "Google Chrome";v="96"
sec-ch-ua-mobile: ?0
sec-ch-ua-platform: "Windows"
accept-encoding: gzip, deflate, br
accept-language: en-US,en;q=0.9,uk;q=0.8,ru;q=0.7
cookie: JSESSIONID=D77D2A3A73EDB58CBE34B938973859F5


Security filter chain: [
  WebAsyncManagerIntegrationFilter
  SecurityContextPersistenceFilter
  HeaderWriterFilter
  CsrfFilter
  LogoutFilter
  UsernamePasswordAuthenticationFilter$$EnhancerBySpringCGLIB$$ab794473
  RequestCacheAwareFilter
  SecurityContextHolderAwareRequestFilter
  AnonymousAuthenticationFilter
  SessionManagementFilter
  ExceptionTranslationFilter
  FilterSecurityInterceptor
]


************************************************************


2021-12-15 14:27:28.230  WARN 6380 --- [http-nio-9090-exec-1] n.n.u.t.expressions.ExpressionProcessor  : Fragment expression "fragments/header" is being wrapped as a Thymeleaf 3 fragment expression (~{...}) for backwards compatibility purposes.  This wrapping will be dropped in the next major version of the expression processor, so please rewrite as a Thymeleaf 3 fragment expression to future-proof your code.  See https://github.com/thymeleaf/thymeleaf/issues/451 for more information.
2021-12-15 14:27:28.662  INFO 6380 --- [http-nio-9090-exec-3] Spring Security Debugger                 : 

************************************************************

Request received for GET '/favicon.ico':

org.apache.catalina.connector.RequestFacade@5380ce52

servletPath:/favicon.ico
pathInfo:null
headers: 
host: localhost:9090
connection: keep-alive
sec-ch-ua: " Not A;Brand";v="99", "Chromium";v="96", "Google Chrome";v="96"
sec-ch-ua-mobile: ?0
user-agent: Mozilla/5.0 (Windows NT 10.0; Win64; x64) AppleWebKit/537.36 (KHTML, like Gecko) Chrome/96.0.4664.93 Safari/537.36
sec-ch-ua-platform: "Windows"
accept: image/avif,image/webp,image/apng,image/svg+xml,image/*,*/*;q=0.8
sec-fetch-site: same-origin
sec-fetch-mode: no-cors
sec-fetch-dest: image
referer: http://localhost:9090/login-form
accept-encoding: gzip, deflate, br
accept-language: en-US,en;q=0.9,uk;q=0.8,ru;q=0.7
cookie: JSESSIONID=D77D2A3A73EDB58CBE34B938973859F5


Security filter chain: [
  WebAsyncManagerIntegrationFilter
  SecurityContextPersistenceFilter
  HeaderWriterFilter
  CsrfFilter
  LogoutFilter
  UsernamePasswordAuthenticationFilter$$EnhancerBySpringCGLIB$$ab794473
  RequestCacheAwareFilter
  SecurityContextHolderAwareRequestFilter
  AnonymousAuthenticationFilter
  SessionManagementFilter
  ExceptionTranslationFilter
  FilterSecurityInterceptor
]


************************************************************


2021-12-15 14:27:28.694  INFO 6380 --- [http-nio-9090-exec-4] Spring Security Debugger                 : 

************************************************************

Request received for GET '/login-form':

org.apache.catalina.connector.RequestFacade@5380ce52

servletPath:/login-form
pathInfo:null
headers: 
host: localhost:9090
connection: keep-alive
sec-ch-ua: " Not A;Brand";v="99", "Chromium";v="96", "Google Chrome";v="96"
sec-ch-ua-mobile: ?0
user-agent: Mozilla/5.0 (Windows NT 10.0; Win64; x64) AppleWebKit/537.36 (KHTML, like Gecko) Chrome/96.0.4664.93 Safari/537.36
sec-ch-ua-platform: "Windows"
accept: image/avif,image/webp,image/apng,image/svg+xml,image/*,*/*;q=0.8
sec-fetch-site: same-origin
sec-fetch-mode: no-cors
sec-fetch-dest: image
referer: http://localhost:9090/login-form
accept-encoding: gzip, deflate, br
accept-language: en-US,en;q=0.9,uk;q=0.8,ru;q=0.7
cookie: JSESSIONID=D77D2A3A73EDB58CBE34B938973859F5


Security filter chain: [
  WebAsyncManagerIntegrationFilter
  SecurityContextPersistenceFilter
  HeaderWriterFilter
  CsrfFilter
  LogoutFilter
  UsernamePasswordAuthenticationFilter$$EnhancerBySpringCGLIB$$ab794473
  RequestCacheAwareFilter
  SecurityContextHolderAwareRequestFilter
  AnonymousAuthenticationFilter
  SessionManagementFilter
  ExceptionTranslationFilter
  FilterSecurityInterceptor
]


************************************************************


2021-12-15 14:27:31.642  INFO 6380 --- [http-nio-9090-exec-7] Spring Security Debugger                 : 

************************************************************

Request received for POST '/login':

org.apache.catalina.connector.RequestFacade@484013ea

servletPath:/login
pathInfo:null
headers: 
host: localhost:9090
connection: keep-alive
content-length: 127
cache-control: max-age=0
sec-ch-ua: " Not A;Brand";v="99", "Chromium";v="96", "Google Chrome";v="96"
sec-ch-ua-mobile: ?0
sec-ch-ua-platform: "Windows"
upgrade-insecure-requests: 1
origin: http://localhost:9090
content-type: application/x-www-form-urlencoded
user-agent: Mozilla/5.0 (Windows NT 10.0; Win64; x64) AppleWebKit/537.36 (KHTML, like Gecko) Chrome/96.0.4664.93 Safari/537.36
accept: text/html,application/xhtml+xml,application/xml;q=0.9,image/avif,image/webp,image/apng,*/*;q=0.8,application/signed-exchange;v=b3;q=0.9
sec-fetch-site: same-origin
sec-fetch-mode: navigate
sec-fetch-user: ?1
sec-fetch-dest: document
referer: http://localhost:9090/login-form
accept-encoding: gzip, deflate, br
accept-language: en-US,en;q=0.9,uk;q=0.8,ru;q=0.7
cookie: JSESSIONID=D77D2A3A73EDB58CBE34B938973859F5


Security filter chain: [
  WebAsyncManagerIntegrationFilter
  SecurityContextPersistenceFilter
  HeaderWriterFilter
  CsrfFilter
  LogoutFilter
  UsernamePasswordAuthenticationFilter$$EnhancerBySpringCGLIB$$ab794473
  RequestCacheAwareFilter
  SecurityContextHolderAwareRequestFilter
  AnonymousAuthenticationFilter
  SessionManagementFilter
  ExceptionTranslationFilter
  FilterSecurityInterceptor
]


************************************************************


2021-12-15 14:27:31.746  INFO 6380 --- [http-nio-9090-exec-8] Spring Security Debugger                 : 

************************************************************

Request received for GET '/login-form?error':

org.apache.catalina.connector.RequestFacade@484013ea

servletPath:/login-form
pathInfo:null
headers: 
host: localhost:9090
connection: keep-alive
cache-control: max-age=0
upgrade-insecure-requests: 1
user-agent: Mozilla/5.0 (Windows NT 10.0; Win64; x64) AppleWebKit/537.36 (KHTML, like Gecko) Chrome/96.0.4664.93 Safari/537.36
accept: text/html,application/xhtml+xml,application/xml;q=0.9,image/avif,image/webp,image/apng,*/*;q=0.8,application/signed-exchange;v=b3;q=0.9
sec-fetch-site: same-origin
sec-fetch-mode: navigate
sec-fetch-user: ?1
sec-fetch-dest: document
sec-ch-ua: " Not A;Brand";v="99", "Chromium";v="96", "Google Chrome";v="96"
sec-ch-ua-mobile: ?0
sec-ch-ua-platform: "Windows"
referer: http://localhost:9090/login-form
accept-encoding: gzip, deflate, br
accept-language: en-US,en;q=0.9,uk;q=0.8,ru;q=0.7
cookie: JSESSIONID=D77D2A3A73EDB58CBE34B938973859F5


Security filter chain: [
  WebAsyncManagerIntegrationFilter
  SecurityContextPersistenceFilter
  HeaderWriterFilter
  CsrfFilter
  LogoutFilter
  UsernamePasswordAuthenticationFilter$$EnhancerBySpringCGLIB$$ab794473
  RequestCacheAwareFilter
  SecurityContextHolderAwareRequestFilter
  AnonymousAuthenticationFilter
  SessionManagementFilter
  ExceptionTranslationFilter
  FilterSecurityInterceptor
]


************************************************************


2021-12-15 14:27:31.906  INFO 6380 --- [http-nio-9090-exec-9] Spring Security Debugger                 : 

************************************************************

Request received for GET '/favicon.ico':

org.apache.catalina.connector.RequestFacade@484013ea

servletPath:/favicon.ico
pathInfo:null
headers: 
host: localhost:9090
connection: keep-alive
sec-ch-ua: " Not A;Brand";v="99", "Chromium";v="96", "Google Chrome";v="96"
sec-ch-ua-mobile: ?0
user-agent: Mozilla/5.0 (Windows NT 10.0; Win64; x64) AppleWebKit/537.36 (KHTML, like Gecko) Chrome/96.0.4664.93 Safari/537.36
sec-ch-ua-platform: "Windows"
accept: image/avif,image/webp,image/apng,image/svg+xml,image/*,*/*;q=0.8
sec-fetch-site: same-origin
sec-fetch-mode: no-cors
sec-fetch-dest: image
referer: http://localhost:9090/login-form?error
accept-encoding: gzip, deflate, br
accept-language: en-US,en;q=0.9,uk;q=0.8,ru;q=0.7
cookie: JSESSIONID=D77D2A3A73EDB58CBE34B938973859F5


Security filter chain: [
  WebAsyncManagerIntegrationFilter
  SecurityContextPersistenceFilter
  HeaderWriterFilter
  CsrfFilter
  LogoutFilter
  UsernamePasswordAuthenticationFilter$$EnhancerBySpringCGLIB$$ab794473
  RequestCacheAwareFilter
  SecurityContextHolderAwareRequestFilter
  AnonymousAuthenticationFilter
  SessionManagementFilter
  ExceptionTranslationFilter
  FilterSecurityInterceptor
]


************************************************************


2021-12-15 14:27:31.922  INFO 6380 --- [http-nio-9090-exec-10] Spring Security Debugger                 : 

************************************************************

Request received for GET '/login-form':

org.apache.catalina.connector.RequestFacade@484013ea

servletPath:/login-form
pathInfo:null
headers: 
host: localhost:9090
connection: keep-alive
sec-ch-ua: " Not A;Brand";v="99", "Chromium";v="96", "Google Chrome";v="96"
sec-ch-ua-mobile: ?0
user-agent: Mozilla/5.0 (Windows NT 10.0; Win64; x64) AppleWebKit/537.36 (KHTML, like Gecko) Chrome/96.0.4664.93 Safari/537.36
sec-ch-ua-platform: "Windows"
accept: image/avif,image/webp,image/apng,image/svg+xml,image/*,*/*;q=0.8
sec-fetch-site: same-origin
sec-fetch-mode: no-cors
sec-fetch-dest: image
referer: http://localhost:9090/login-form?error
accept-encoding: gzip, deflate, br
accept-language: en-US,en;q=0.9,uk;q=0.8,ru;q=0.7
cookie: JSESSIONID=D77D2A3A73EDB58CBE34B938973859F5


Security filter chain: [
  WebAsyncManagerIntegrationFilter
  SecurityContextPersistenceFilter
  HeaderWriterFilter
  CsrfFilter
  LogoutFilter
  UsernamePasswordAuthenticationFilter$$EnhancerBySpringCGLIB$$ab794473
  RequestCacheAwareFilter
  SecurityContextHolderAwareRequestFilter
  AnonymousAuthenticationFilter
  SessionManagementFilter
  ExceptionTranslationFilter
  FilterSecurityInterceptor
]


************************************************************


2021-12-15 14:27:35.432  INFO 6380 --- [http-nio-9090-exec-2] Spring Security Debugger                 : 

************************************************************

Request received for POST '/login':

org.apache.catalina.connector.RequestFacade@484013ea

servletPath:/login
pathInfo:null
headers: 
host: localhost:9090
connection: keep-alive
content-length: 127
cache-control: max-age=0
sec-ch-ua: " Not A;Brand";v="99", "Chromium";v="96", "Google Chrome";v="96"
sec-ch-ua-mobile: ?0
sec-ch-ua-platform: "Windows"
upgrade-insecure-requests: 1
origin: http://localhost:9090
content-type: application/x-www-form-urlencoded
user-agent: Mozilla/5.0 (Windows NT 10.0; Win64; x64) AppleWebKit/537.36 (KHTML, like Gecko) Chrome/96.0.4664.93 Safari/537.36
accept: text/html,application/xhtml+xml,application/xml;q=0.9,image/avif,image/webp,image/apng,*/*;q=0.8,application/signed-exchange;v=b3;q=0.9
sec-fetch-site: same-origin
sec-fetch-mode: navigate
sec-fetch-user: ?1
sec-fetch-dest: document
referer: http://localhost:9090/login-form?error
accept-encoding: gzip, deflate, br
accept-language: en-US,en;q=0.9,uk;q=0.8,ru;q=0.7
cookie: JSESSIONID=D77D2A3A73EDB58CBE34B938973859F5


Security filter chain: [
  WebAsyncManagerIntegrationFilter
  SecurityContextPersistenceFilter
  HeaderWriterFilter
  CsrfFilter
  LogoutFilter
  UsernamePasswordAuthenticationFilter$$EnhancerBySpringCGLIB$$ab794473
  RequestCacheAwareFilter
  SecurityContextHolderAwareRequestFilter
  AnonymousAuthenticationFilter
  SessionManagementFilter
  ExceptionTranslationFilter
  FilterSecurityInterceptor
]


************************************************************


2021-12-15 14:27:35.456  INFO 6380 --- [http-nio-9090-exec-1] Spring Security Debugger                 : 

************************************************************

Request received for GET '/login-form?error':

org.apache.catalina.connector.RequestFacade@484013ea

servletPath:/login-form
pathInfo:null
headers: 
host: localhost:9090
connection: keep-alive
cache-control: max-age=0
upgrade-insecure-requests: 1
user-agent: Mozilla/5.0 (Windows NT 10.0; Win64; x64) AppleWebKit/537.36 (KHTML, like Gecko) Chrome/96.0.4664.93 Safari/537.36
accept: text/html,application/xhtml+xml,application/xml;q=0.9,image/avif,image/webp,image/apng,*/*;q=0.8,application/signed-exchange;v=b3;q=0.9
sec-fetch-site: same-origin
sec-fetch-mode: navigate
sec-fetch-user: ?1
sec-fetch-dest: document
sec-ch-ua: " Not A;Brand";v="99", "Chromium";v="96", "Google Chrome";v="96"
sec-ch-ua-mobile: ?0
sec-ch-ua-platform: "Windows"
referer: http://localhost:9090/login-form?error
accept-encoding: gzip, deflate, br
accept-language: en-US,en;q=0.9,uk;q=0.8,ru;q=0.7
cookie: JSESSIONID=D77D2A3A73EDB58CBE34B938973859F5


Security filter chain: [
  WebAsyncManagerIntegrationFilter
  SecurityContextPersistenceFilter
  HeaderWriterFilter
  CsrfFilter
  LogoutFilter
  UsernamePasswordAuthenticationFilter$$EnhancerBySpringCGLIB$$ab794473
  RequestCacheAwareFilter
  SecurityContextHolderAwareRequestFilter
  AnonymousAuthenticationFilter
  SessionManagementFilter
  ExceptionTranslationFilter
  FilterSecurityInterceptor
]


************************************************************


2021-12-15 14:27:35.608  INFO 6380 --- [http-nio-9090-exec-3] Spring Security Debugger                 : 

************************************************************

Request received for GET '/favicon.ico':

org.apache.catalina.connector.RequestFacade@484013ea

servletPath:/favicon.ico
pathInfo:null
headers: 
host: localhost:9090
connection: keep-alive
sec-ch-ua: " Not A;Brand";v="99", "Chromium";v="96", "Google Chrome";v="96"
sec-ch-ua-mobile: ?0
user-agent: Mozilla/5.0 (Windows NT 10.0; Win64; x64) AppleWebKit/537.36 (KHTML, like Gecko) Chrome/96.0.4664.93 Safari/537.36
sec-ch-ua-platform: "Windows"
accept: image/avif,image/webp,image/apng,image/svg+xml,image/*,*/*;q=0.8
sec-fetch-site: same-origin
sec-fetch-mode: no-cors
sec-fetch-dest: image
referer: http://localhost:9090/login-form?error
accept-encoding: gzip, deflate, br
accept-language: en-US,en;q=0.9,uk;q=0.8,ru;q=0.7
cookie: JSESSIONID=D77D2A3A73EDB58CBE34B938973859F5


Security filter chain: [
  WebAsyncManagerIntegrationFilter
  SecurityContextPersistenceFilter
  HeaderWriterFilter
  CsrfFilter
  LogoutFilter
  UsernamePasswordAuthenticationFilter$$EnhancerBySpringCGLIB$$ab794473
  RequestCacheAwareFilter
  SecurityContextHolderAwareRequestFilter
  AnonymousAuthenticationFilter
  SessionManagementFilter
  ExceptionTranslationFilter
  FilterSecurityInterceptor
]


************************************************************


2021-12-15 14:27:35.616  INFO 6380 --- [http-nio-9090-exec-4] Spring Security Debugger                 : 

************************************************************

Request received for GET '/login-form':

org.apache.catalina.connector.RequestFacade@484013ea

servletPath:/login-form
pathInfo:null
headers: 
host: localhost:9090
connection: keep-alive
sec-ch-ua: " Not A;Brand";v="99", "Chromium";v="96", "Google Chrome";v="96"
sec-ch-ua-mobile: ?0
user-agent: Mozilla/5.0 (Windows NT 10.0; Win64; x64) AppleWebKit/537.36 (KHTML, like Gecko) Chrome/96.0.4664.93 Safari/537.36
sec-ch-ua-platform: "Windows"
accept: image/avif,image/webp,image/apng,image/svg+xml,image/*,*/*;q=0.8
sec-fetch-site: same-origin
sec-fetch-mode: no-cors
sec-fetch-dest: image
referer: http://localhost:9090/login-form?error
accept-encoding: gzip, deflate, br
accept-language: en-US,en;q=0.9,uk;q=0.8,ru;q=0.7
cookie: JSESSIONID=D77D2A3A73EDB58CBE34B938973859F5


Security filter chain: [
  WebAsyncManagerIntegrationFilter
  SecurityContextPersistenceFilter
  HeaderWriterFilter
  CsrfFilter
  LogoutFilter
  UsernamePasswordAuthenticationFilter$$EnhancerBySpringCGLIB$$ab794473
  RequestCacheAwareFilter
  SecurityContextHolderAwareRequestFilter
  AnonymousAuthenticationFilter
  SessionManagementFilter
  ExceptionTranslationFilter
  FilterSecurityInterceptor
]


************************************************************


2021-12-15 14:27:40.264  INFO 6380 --- [http-nio-9090-exec-7] Spring Security Debugger                 : 

************************************************************

Request received for POST '/login':

org.apache.catalina.connector.RequestFacade@484013ea

servletPath:/login
pathInfo:null
headers: 
host: localhost:9090
connection: keep-alive
content-length: 127
cache-control: max-age=0
sec-ch-ua: " Not A;Brand";v="99", "Chromium";v="96", "Google Chrome";v="96"
sec-ch-ua-mobile: ?0
sec-ch-ua-platform: "Windows"
upgrade-insecure-requests: 1
origin: http://localhost:9090
content-type: application/x-www-form-urlencoded
user-agent: Mozilla/5.0 (Windows NT 10.0; Win64; x64) AppleWebKit/537.36 (KHTML, like Gecko) Chrome/96.0.4664.93 Safari/537.36
accept: text/html,application/xhtml+xml,application/xml;q=0.9,image/avif,image/webp,image/apng,*/*;q=0.8,application/signed-exchange;v=b3;q=0.9
sec-fetch-site: same-origin
sec-fetch-mode: navigate
sec-fetch-user: ?1
sec-fetch-dest: document
referer: http://localhost:9090/login-form?error
accept-encoding: gzip, deflate, br
accept-language: en-US,en;q=0.9,uk;q=0.8,ru;q=0.7
cookie: JSESSIONID=D77D2A3A73EDB58CBE34B938973859F5


Security filter chain: [
  WebAsyncManagerIntegrationFilter
  SecurityContextPersistenceFilter
  HeaderWriterFilter
  CsrfFilter
  LogoutFilter
  UsernamePasswordAuthenticationFilter$$EnhancerBySpringCGLIB$$ab794473
  RequestCacheAwareFilter
  SecurityContextHolderAwareRequestFilter
  AnonymousAuthenticationFilter
  SessionManagementFilter
  ExceptionTranslationFilter
  FilterSecurityInterceptor
]


************************************************************


2021-12-15 14:27:40.296  INFO 6380 --- [http-nio-9090-exec-8] Spring Security Debugger                 : 

************************************************************

Request received for GET '/login-form?error':

org.apache.catalina.connector.RequestFacade@484013ea

servletPath:/login-form
pathInfo:null
headers: 
host: localhost:9090
connection: keep-alive
cache-control: max-age=0
upgrade-insecure-requests: 1
user-agent: Mozilla/5.0 (Windows NT 10.0; Win64; x64) AppleWebKit/537.36 (KHTML, like Gecko) Chrome/96.0.4664.93 Safari/537.36
accept: text/html,application/xhtml+xml,application/xml;q=0.9,image/avif,image/webp,image/apng,*/*;q=0.8,application/signed-exchange;v=b3;q=0.9
sec-fetch-site: same-origin
sec-fetch-mode: navigate
sec-fetch-user: ?1
sec-fetch-dest: document
sec-ch-ua: " Not A;Brand";v="99", "Chromium";v="96", "Google Chrome";v="96"
sec-ch-ua-mobile: ?0
sec-ch-ua-platform: "Windows"
referer: http://localhost:9090/login-form?error
accept-encoding: gzip, deflate, br
accept-language: en-US,en;q=0.9,uk;q=0.8,ru;q=0.7
cookie: JSESSIONID=D77D2A3A73EDB58CBE34B938973859F5


Security filter chain: [
  WebAsyncManagerIntegrationFilter
  SecurityContextPersistenceFilter
  HeaderWriterFilter
  CsrfFilter
  LogoutFilter
  UsernamePasswordAuthenticationFilter$$EnhancerBySpringCGLIB$$ab794473
  RequestCacheAwareFilter
  SecurityContextHolderAwareRequestFilter
  AnonymousAuthenticationFilter
  SessionManagementFilter
  ExceptionTranslationFilter
  FilterSecurityInterceptor
]


************************************************************


2021-12-15 14:27:40.416  INFO 6380 --- [http-nio-9090-exec-9] Spring Security Debugger                 : 

************************************************************

Request received for GET '/favicon.ico':

org.apache.catalina.connector.RequestFacade@484013ea

servletPath:/favicon.ico
pathInfo:null
headers: 
host: localhost:9090
connection: keep-alive
sec-ch-ua: " Not A;Brand";v="99", "Chromium";v="96", "Google Chrome";v="96"
sec-ch-ua-mobile: ?0
user-agent: Mozilla/5.0 (Windows NT 10.0; Win64; x64) AppleWebKit/537.36 (KHTML, like Gecko) Chrome/96.0.4664.93 Safari/537.36
sec-ch-ua-platform: "Windows"
accept: image/avif,image/webp,image/apng,image/svg+xml,image/*,*/*;q=0.8
sec-fetch-site: same-origin
sec-fetch-mode: no-cors
sec-fetch-dest: image
referer: http://localhost:9090/login-form?error
accept-encoding: gzip, deflate, br
accept-language: en-US,en;q=0.9,uk;q=0.8,ru;q=0.7
cookie: JSESSIONID=D77D2A3A73EDB58CBE34B938973859F5


Security filter chain: [
  WebAsyncManagerIntegrationFilter
  SecurityContextPersistenceFilter
  HeaderWriterFilter
  CsrfFilter
  LogoutFilter
  UsernamePasswordAuthenticationFilter$$EnhancerBySpringCGLIB$$ab794473
  RequestCacheAwareFilter
  SecurityContextHolderAwareRequestFilter
  AnonymousAuthenticationFilter
  SessionManagementFilter
  ExceptionTranslationFilter
  FilterSecurityInterceptor
]


************************************************************


2021-12-15 14:27:40.424  INFO 6380 --- [http-nio-9090-exec-10] Spring Security Debugger                 : 

************************************************************

Request received for GET '/login-form':

org.apache.catalina.connector.RequestFacade@484013ea

servletPath:/login-form
pathInfo:null
headers: 
host: localhost:9090
connection: keep-alive
sec-ch-ua: " Not A;Brand";v="99", "Chromium";v="96", "Google Chrome";v="96"
sec-ch-ua-mobile: ?0
user-agent: Mozilla/5.0 (Windows NT 10.0; Win64; x64) AppleWebKit/537.36 (KHTML, like Gecko) Chrome/96.0.4664.93 Safari/537.36
sec-ch-ua-platform: "Windows"
accept: image/avif,image/webp,image/apng,image/svg+xml,image/*,*/*;q=0.8
sec-fetch-site: same-origin
sec-fetch-mode: no-cors
sec-fetch-dest: image
referer: http://localhost:9090/login-form?error
accept-encoding: gzip, deflate, br
accept-language: en-US,en;q=0.9,uk;q=0.8,ru;q=0.7
cookie: JSESSIONID=D77D2A3A73EDB58CBE34B938973859F5


Security filter chain: [
  WebAsyncManagerIntegrationFilter
  SecurityContextPersistenceFilter
  HeaderWriterFilter
  CsrfFilter
  LogoutFilter
  UsernamePasswordAuthenticationFilter$$EnhancerBySpringCGLIB$$ab794473
  RequestCacheAwareFilter
  SecurityContextHolderAwareRequestFilter
  AnonymousAuthenticationFilter
  SessionManagementFilter
  ExceptionTranslationFilter
  FilterSecurityInterceptor
]


************************************************************


2021-12-15 14:28:06.225  INFO 6380 --- [SpringContextShutdownHook] j.LocalContainerEntityManagerFactoryBean : Closing JPA EntityManagerFactory for persistence unit 'default'
2021-12-15 14:28:06.240  INFO 6380 --- [SpringContextShutdownHook] o.s.s.concurrent.ThreadPoolTaskExecutor  : Shutting down ExecutorService 'applicationTaskExecutor'
2021-12-15 14:28:06.240  INFO 6380 --- [SpringContextShutdownHook] com.zaxxer.hikari.HikariDataSource       : HikariPool-1 - Shutdown initiated...
2021-12-15 14:28:06.240  INFO 6380 --- [SpringContextShutdownHook] com.zaxxer.hikari.HikariDataSource       : HikariPool-1 - Shutdown completed.
